#
# There is insufficient memory for the Java Runtime Environment to continue.
# Native memory allocation (mmap) failed to map 266338304 bytes. Error detail: G1 virtual space
# Possible reasons:
#   The system is out of physical RAM or swap space
#   This process is running with CompressedOops enabled, and the Java Heap may be blocking the growth of the native heap
# Possible solutions:
#   Reduce memory load on the system
#   Increase physical memory or swap space
#   Check if swap backing store is full
#   Decrease Java heap size (-Xmx/-Xms)
#   Decrease number of Java threads
#   Decrease Java thread stack sizes (-Xss)
#   Set larger code cache with -XX:ReservedCodeCacheSize=
#   JVM is running with Zero Based Compressed Oops mode in which the Java heap is
#     placed in the first 32GB address space. The Java Heap base address is the
#     maximum limit for the native heap growth. Please use -XX:HeapBaseMinAddress
#     to set the Java Heap base and to place the Java Heap above 32GB virtual address.
# This output file may be truncated or incomplete.
#
#  Out of Memory Error (os_windows.cpp:3828), pid=8328, tid=13396
#
# JRE version:  (21.0.4) (build )
# Java VM: OpenJDK 64-Bit Server VM (21.0.4+-12508038-b607.1, mixed mode, sharing, tiered, compressed oops, compressed class ptrs, g1 gc, windows-amd64)
# No core dump will be written. Minidumps are not enabled by default on client versions of Windows
#

---------------  S U M M A R Y ------------

Command Line: org.jetbrains.kotlin.cli.jvm.K2JVMCompiler @C:\Users\ouarg\Documents\TP4\app\build\20250316_17861526537358228073.compiler.options

Host: 11th Gen Intel(R) Core(TM) i5-11400H @ 2.70GHz, 12 cores, 15G,  Windows 11 , 64 bit Build 26100 (10.0.26100.3323)
Time: Sun Mar 16 22:16:01 2025 Morocco Standard Time elapsed time: 2.020629 seconds (0d 0h 0m 2s)

---------------  T H R E A D  ---------------

Current thread (0x000001e29e7fa740):  JavaThread "Unknown thread" [_thread_in_vm, id=13396, stack(0x000000890b900000,0x000000890ba00000) (1024K)]

Stack: [0x000000890b900000,0x000000890ba00000]
Native frames: (J=compiled Java code, j=interpreted, Vv=VM code, C=native code)
V  [jvm.dll+0x6ce539]
V  [jvm.dll+0x85bf03]
V  [jvm.dll+0x85e45e]
V  [jvm.dll+0x85eb43]
V  [jvm.dll+0x27dd06]
V  [jvm.dll+0x6cada5]
V  [jvm.dll+0x6bf27a]
V  [jvm.dll+0x3541fb]
V  [jvm.dll+0x35be36]
V  [jvm.dll+0x3adbc6]
V  [jvm.dll+0x3ade98]
V  [jvm.dll+0x32691c]
V  [jvm.dll+0x32760b]
V  [jvm.dll+0x823959]
V  [jvm.dll+0x3bacf8]
V  [jvm.dll+0x80cd58]
V  [jvm.dll+0x44ef2e]
V  [jvm.dll+0x450691]
C  [jli.dll+0x52ab]
C  [ucrtbase.dll+0x37b0]
C  [KERNEL32.DLL+0x2e8d7]
C  [ntdll.dll+0xbbf6c]


---------------  P R O C E S S  ---------------

Threads class SMR info:
_java_thread_list=0x00007ffe08c7a808, length=0, elements={
}

Java Threads: ( => current thread )
Total: 0

Other Threads:
  0x000001e29e8612e0 WorkerThread "GC Thread#0"                     [id=15876, stack(0x000000890ba00000,0x000000890bb00000) (1024K)]
  0x000001e29e871f50 ConcurrentGCThread "G1 Main Marker"            [id=13696, stack(0x000000890bb00000,0x000000890bc00000) (1024K)]
  0x000001e29e874030 WorkerThread "G1 Conc#0"                       [id=11212, stack(0x000000890bc00000,0x000000890bd00000) (1024K)]

[error occurred during error reporting (printing all threads), id 0xc0000005, EXCEPTION_ACCESS_VIOLATION (0xc0000005) at pc=0x00007ffe08479957]
VM state: not at safepoint (not fully initialized)

VM Mutex/Monitor currently owned by a thread:  ([mutex/lock_event])
[0x00007ffe08ce73f8] Heap_lock - owner thread: 0x000001e29e7fa740

Heap address: 0x0000000703600000, size: 4042 MB, Compressed Oops mode: Zero based, Oop shift amount: 3

CDS archive(s) mapped at: [0x0000000000000000-0x0000000000000000-0x0000000000000000), size 0, SharedBaseAddress: 0x0000000800000000, ArchiveRelocationMode: 1.
Narrow klass base: 0x0000000000000000, Narrow klass shift: 0, Narrow klass range: 0x0

GC Precious Log:
 CardTable entry size: 512
 Card Set container configuration: InlinePtr #cards 4 size 8 Array Of Cards #cards 16 size 48 Howl #buckets 8 coarsen threshold 3686 Howl Bitmap #cards 512 size 80 coarsen threshold 460 Card regions per heap region 1 cards per card region 4096

Heap:
 garbage-first heap   total 0K, used 0K [0x0000000703600000, 0x0000000800000000)
  region size 2048K, 0 young (0K), 0 survivors (0K)
 Metaspace       used 0K, committed 0K, reserved 0K
  class space    used 0K, committed 0K, reserved 0K

Heap Regions: E=young(eden), S=young(survivor), O=old, HS=humongous(starts), HC=humongous(continues), CS=collection set, F=free, TAMS=top-at-mark-start, PB=parsable bottom

Card table byte_map: [0x000001e2b1680000,0x000001e2b1e70000] _byte_map_base: 0x000001e2ade65000

Marking Bits: (CMBitMap*) 0x000001e29e8619e0
 Bits: [0x000001e2b1e70000, 0x000001e2b5d98000)

GC Heap History (0 events):
No events

Dll operation events (1 events):
Event: 0.004 Loaded shared library C:\Program Files\Android\Android Studio1\jbr\bin\java.dll

Deoptimization events (0 events):
No events

Classes loaded (0 events):
No events

Classes unloaded (0 events):
No events

Classes redefined (0 events):
No events

Internal exceptions (0 events):
No events

ZGC Phase Switch (0 events):
No events

VM Operations (0 events):
No events

Memory protections (0 events):
No events

Nmethod flushes (0 events):
No events

Events (0 events):
No events


Dynamic libraries:
0x00007ff605ae0000 - 0x00007ff605aea000 	C:\Program Files\Android\Android Studio1\jbr\bin\java.exe
0x00007ffe91220000 - 0x00007ffe91483000 	C:\WINDOWS\SYSTEM32\ntdll.dll
0x00007ffe90470000 - 0x00007ffe90537000 	C:\WINDOWS\System32\KERNEL32.DLL
0x00007ffe8e580000 - 0x00007ffe8e949000 	C:\WINDOWS\System32\KERNELBASE.dll
0x00007ffe8eef0000 - 0x00007ffe8f03c000 	C:\WINDOWS\System32\ucrtbase.dll
0x00007ffe874b0000 - 0x00007ffe874c8000 	C:\Program Files\Android\Android Studio1\jbr\bin\jli.dll
0x00007ffe4f8f0000 - 0x00007ffe4f90b000 	C:\Program Files\Android\Android Studio1\jbr\bin\VCRUNTIME140.dll
0x00007ffe8fa50000 - 0x00007ffe8fc1a000 	C:\WINDOWS\System32\USER32.dll
0x00007ffe51bd0000 - 0x00007ffe51e60000 	C:\WINDOWS\WinSxS\amd64_microsoft.windows.common-controls_6595b64144ccf1df_6.0.26100.3323_none_3e088096e3344490\COMCTL32.dll
0x00007ffe8ec00000 - 0x00007ffe8ec27000 	C:\WINDOWS\System32\win32u.dll
0x00007ffe90f50000 - 0x00007ffe90ff9000 	C:\WINDOWS\System32\msvcrt.dll
0x00007ffe8fa20000 - 0x00007ffe8fa4a000 	C:\WINDOWS\System32\GDI32.dll
0x00007ffe8e950000 - 0x00007ffe8ea81000 	C:\WINDOWS\System32\gdi32full.dll
0x00007ffe8ee40000 - 0x00007ffe8eee3000 	C:\WINDOWS\System32\msvcp_win.dll
0x00007ffe8fcf0000 - 0x00007ffe8fd1f000 	C:\WINDOWS\System32\IMM32.DLL
0x00007ffe788e0000 - 0x00007ffe788ec000 	C:\Program Files\Android\Android Studio1\jbr\bin\vcruntime140_1.dll
0x00007ffe7b980000 - 0x00007ffe7ba0d000 	C:\Program Files\Android\Android Studio1\jbr\bin\msvcp140.dll
0x00007ffe08140000 - 0x00007ffe08dc3000 	C:\Program Files\Android\Android Studio1\jbr\bin\server\jvm.dll
0x00007ffe8fd30000 - 0x00007ffe8fde2000 	C:\WINDOWS\System32\ADVAPI32.dll
0x00007ffe8f040000 - 0x00007ffe8f0e6000 	C:\WINDOWS\System32\sechost.dll
0x00007ffe8fe20000 - 0x00007ffe8ff36000 	C:\WINDOWS\System32\RPCRT4.dll
0x00007ffe8f0f0000 - 0x00007ffe8f164000 	C:\WINDOWS\System32\WS2_32.dll
0x00007ffe8d0d0000 - 0x00007ffe8d11e000 	C:\WINDOWS\SYSTEM32\POWRPROF.dll
0x00007ffe78bd0000 - 0x00007ffe78c06000 	C:\WINDOWS\SYSTEM32\WINMM.dll
0x00007ffe868a0000 - 0x00007ffe868ab000 	C:\WINDOWS\SYSTEM32\VERSION.dll
0x00007ffe8d0b0000 - 0x00007ffe8d0c4000 	C:\WINDOWS\SYSTEM32\UMPDC.dll
0x00007ffe8d350000 - 0x00007ffe8d36a000 	C:\WINDOWS\SYSTEM32\kernel.appcore.dll
0x00007ffe78840000 - 0x00007ffe7884a000 	C:\Program Files\Android\Android Studio1\jbr\bin\jimage.dll
0x00007ffe78c10000 - 0x00007ffe78e51000 	C:\WINDOWS\SYSTEM32\DBGHELP.DLL
0x00007ffe90930000 - 0x00007ffe90cb2000 	C:\WINDOWS\System32\combase.dll
0x00007ffe8f220000 - 0x00007ffe8f2f6000 	C:\WINDOWS\System32\OLEAUT32.dll
0x00007ffe78980000 - 0x00007ffe789b9000 	C:\WINDOWS\SYSTEM32\dbgcore.DLL
0x00007ffe8e420000 - 0x00007ffe8e4b9000 	C:\WINDOWS\System32\bcryptPrimitives.dll
0x00007ffe4f8d0000 - 0x00007ffe4f8f0000 	C:\Program Files\Android\Android Studio1\jbr\bin\java.dll

dbghelp: loaded successfully - version: 4.0.5 - missing functions: none
symbol engine: initialized successfully - sym options: 0x614 - pdb path: .;C:\Program Files\Android\Android Studio1\jbr\bin;C:\WINDOWS\SYSTEM32;C:\WINDOWS\WinSxS\amd64_microsoft.windows.common-controls_6595b64144ccf1df_6.0.26100.3323_none_3e088096e3344490;C:\Program Files\Android\Android Studio1\jbr\bin\server

VM Arguments:
java_command: org.jetbrains.kotlin.cli.jvm.K2JVMCompiler @C:\Users\ouarg\Documents\TP4\app\build\20250316_17861526537358228073.compiler.options
java_class_path (initial): C:\Users\ouarg\.gradle\caches\modules-2\files-2.1\org.jetbrains.kotlin\kotlin-compiler-embeddable\2.0.0\1de310de3446414381282ffc46c3ed3919a4d1da\kotlin-compiler-embeddable-2.0.0.jar;C:\Users\ouarg\.gradle\caches\modules-2\files-2.1\org.jetbrains.kotlin\kotlin-stdlib\2.0.0\b48df2c4aede9586cc931ead433bc02d6fd7879e\kotlin-stdlib-2.0.0.jar;C:\Users\ouarg\.gradle\caches\modules-2\files-2.1\org.jetbrains.kotlin\kotlin-script-runtime\2.0.0\fdc27dd047d592fa41d2dfa21e7621287a361612\kotlin-script-runtime-2.0.0.jar;C:\Users\ouarg\.gradle\caches\modules-2\files-2.1\org.jetbrains.kotlin\kotlin-reflect\1.6.10\1cbe9c92c12a94eea200d23c2bbaedaf3daf5132\kotlin-reflect-1.6.10.jar;C:\Users\ouarg\.gradle\caches\modules-2\files-2.1\org.jetbrains.kotlin\kotlin-daemon-embeddable\2.0.0\b39c612768614c4428c96ee9c65477181fffe9d\kotlin-daemon-embeddable-2.0.0.jar;C:\Users\ouarg\.gradle\caches\modules-2\files-2.1\org.jetbrains.intellij.deps\trove4j\1.0.20200330\3afb14d5f9ceb459d724e907a21145e8ff394f02\trove4j-1.0.20200330.jar;C:\Users\ouarg\.gradle\caches\modules-2\files-2.1\org.jetbrains\annotations\13.0\919f0dfe192fb4e063e7dacadee7f8bb9a2672a9\annotations-13.0.jar
Launcher Type: SUN_STANDARD

[Global flags]
     intx CICompilerCount                          = 4                                         {product} {ergonomic}
     uint ConcGCThreads                            = 3                                         {product} {ergonomic}
     uint G1ConcRefinementThreads                  = 10                                        {product} {ergonomic}
   size_t G1HeapRegionSize                         = 2097152                                   {product} {ergonomic}
    uintx GCDrainStackTargetSize                   = 64                                        {product} {ergonomic}
   size_t InitialHeapSize                          = 266338304                                 {product} {ergonomic}
   size_t MarkStackSize                            = 4194304                                   {product} {ergonomic}
   size_t MaxHeapSize                              = 4238344192                                {product} {ergonomic}
   size_t MinHeapDeltaBytes                        = 2097152                                   {product} {ergonomic}
   size_t MinHeapSize                              = 8388608                                   {product} {ergonomic}
    uintx NonNMethodCodeHeapSize                   = 5839372                                {pd product} {ergonomic}
    uintx NonProfiledCodeHeapSize                  = 122909434                              {pd product} {ergonomic}
    uintx ProfiledCodeHeapSize                     = 122909434                              {pd product} {ergonomic}
    uintx ReservedCodeCacheSize                    = 251658240                              {pd product} {ergonomic}
     bool SegmentedCodeCache                       = true                                      {product} {ergonomic}
   size_t SoftMaxHeapSize                          = 4238344192                             {manageable} {ergonomic}
     bool UseCompressedOops                        = true                           {product lp64_product} {ergonomic}
     bool UseG1GC                                  = true                                      {product} {ergonomic}
     bool UseLargePagesIndividualAllocation        = false                                  {pd product} {ergonomic}

Logging:
Log output configuration:
 #0: stdout all=warning uptime,level,tags foldmultilines=false
 #1: stderr all=off uptime,level,tags foldmultilines=false

Environment Variables:
JAVA_HOME=C:\Program Files\Java\jdk1.8.0_66
PATH=C:\Users\ouarg\Downloads\WINDOWS.X64_193000_db_home\bin;C:\Program Files\Common Files\Oracle\Java\javapath;C:\Program Files (x86)\Common Files\Oracle\Java\javapath;C:\ProgramData\Oracle\Java\javapath;C:\app\ouarg\product\21c\dbhomeXE\bin;C:\Windows\system32;C:\Windows;C:\Windows\System32\Wbem;C:\Windows\System32\WindowsPowerShell\v1.0\;C:\Windows\System32\OpenSSH\;C:\Program Files\Git\cmd;C:\Program Files\dotnet\;C:\Program Files\nodejs\;C:\MinGW\bin;C:\Program Files\gnuplot\bin;C:\Users\ouarg\AppData\Local\Programs\Python\Python310\Scripts\;C:\Users\ouarg\AppData\Local\Programs\Python\Python310\;C:\Users\ouarg\AppData\Local\Microsoft\WindowsApps;C:\Program Files\JetBrains\IntelliJ IDEA 2021.3\bin;C:\Users\ouarg\AppData\Local\Programs\Microsoft VS Code\bin;C:\Dart\dart-sdk\bin;C:\src\flutter\bin;C:\Users\ouarg\AppData\Roaming\npm;C:\Users\ouarg\AppData\Local\GitHubDesktop\bin;C:\Users\ouarg\AppData\Local\Programs\MiKTeX\miktex\bin\x64\;C:\Users\ouarg\AppData\Local\Programs\MiKTeX\miktex\bin;C:\adb;;C:\WINDOWS\system32;C:\WINDOWS;C:\WINDOWS\System32\Wbem;C:\WINDOWS\System32\WindowsPowerShell\v1.0\;C:\WINDOWS\System32\OpenSSH\;C:\Users\ouarg\AppData\Local\Programs\Python\Python310\Scripts\;C:\Users\ouarg\AppData\Local\Programs\Python\Python310\;C:\Users\ouarg\AppData\Local\Microsoft\WindowsApps;C:\Program Files\JetBrains\IntelliJ IDEA 2021.3\bin;;C:\Users\ouarg\AppData\Local\Programs\Microsoft VS Code\bin;C:\Dart\dart-sdk\bin;C:\src\flutter\bin;C:\Users\ouarg\AppData\Roaming\npm;C:\Users\ouarg\AppData\Local\GitHubDesktop\bin;C:\Users\ouarg\AppData\Local\Programs\MiKTeX\miktex\bin\x64\;C:\Users\ouarg\AppData\Local\Programs\MiKTeX\miktex\bin;C:\MinGW\bin;;C:\Program Files\JetBrains\IntelliJ IDEA Community Edition 2024.3.1\bin;;C:\Users\ouarg\AppData\Local\Programs\Windsurf\bin
USERNAME=ouarg
OS=Windows_NT
PROCESSOR_IDENTIFIER=Intel64 Family 6 Model 141 Stepping 1, GenuineIntel
TMP=C:\Users\ouarg\AppData\Local\Temp
TEMP=C:\Users\ouarg\AppData\Local\Temp




Periodic native trim disabled

JNI global refs:
JNI global refs: 0, weak refs: 0

JNI global refs memory usage: 0, weak refs: 0

Process memory usage:
Resident Set Size: 12900K (0% of 16551224K total physical memory with 6591052K free physical memory)

OOME stack traces (most recent first):
Classloader memory used:

---------------  S Y S T E M  ---------------

OS:
 Windows 11 , 64 bit Build 26100 (10.0.26100.3323)
OS uptime: 0 days 1:00 hours

CPU: total 12 (initial active 12) (6 cores per cpu, 2 threads per core) family 6 model 141 stepping 1 microcode 0x2c, cx8, cmov, fxsr, ht, mmx, 3dnowpref, sse, sse2, sse3, ssse3, sse4.1, sse4.2, popcnt, lzcnt, tsc, tscinvbit, avx, avx2, aes, erms, clmul, bmi1, bmi2, adx, avx512f, avx512dq, avx512cd, avx512bw, avx512vl, sha, fma, vzeroupper, avx512_vpopcntdq, avx512_vpclmulqdq, avx512_vaes, avx512_vnni, clflush, clflushopt, clwb, avx512_vbmi2, avx512_vbmi, rdtscp, rdpid, fsrm, gfni, avx512_bitalg, f16c, pku, cet_ibt, cet_ss, avx512_ifma
Processor Information for all 12 processors :
  Max Mhz: 2688, Current Mhz: 2688, Mhz Limit: 2688

Memory: 4k page, system-wide physical 16163M (6436M free)
TotalPageFile size 16163M (AvailPageFile size 110M)
current process WorkingSet (physical memory assigned to process): 12M, peak: 12M
current process commit charge ("private bytes"): 64M, peak: 318M

vm_info: OpenJDK 64-Bit Server VM (21.0.4+-12508038-b607.1) for windows-amd64 JRE (21.0.4+-12508038-b607.1), built on 2024-10-16T17:23:34Z by "builder" with MS VC++ 16.10 / 16.11 (VS2019)

END.
